<?xml version="1.0" encoding="UTF-8"?>
<testng-results ignored="0" total="1" passed="1" failed="0" skipped="0">
  <reporter-output>
  </reporter-output>
  <suite started-at="2026-09-24T19:51:53 IST" name="Default suite" finished-at="2026-09-24T19:52:02 IST" duration-ms="8370">
    <groups>
    </groups>
    <test started-at="2026-09-24T19:51:53 IST" name="Default test" finished-at="2026-09-24T19:52:02 IST" duration-ms="8370">
      <class name="com.sujan.tests.UpdateCustomerDetailsTest">
        <test-method signature="updateCustomerDetails()[pri:0, instance:com.sujan.tests.UpdateCustomerDetailsTest@18078bef]" started-at="2026-09-24T19:51:53 IST" name="updateCustomerDetails" finished-at="2026-09-24T19:52:02 IST" duration-ms="8343" status="PASS">
          <reporter-output>
          </reporter-output>
        </test-method> <!-- updateCustomerDetails -->
      </class> <!-- com.sujan.tests.UpdateCustomerDetailsTest -->
    </test> <!-- Default test -->
  </suite> <!-- Default suite -->
</testng-results>
