<?xml version="1.0" encoding="UTF-8"?>
<testng-results ignored="0" total="1" passed="1" failed="0" skipped="0">
  <reporter-output>
  </reporter-output>
  <suite started-at="2026-09-12T18:47:19 IST" name="Default suite" finished-at="2026-09-12T18:47:20 IST" duration-ms="1549">
    <groups>
    </groups>
    <test started-at="2026-09-12T18:47:19 IST" name="Default test" finished-at="2026-09-12T18:47:20 IST" duration-ms="1549">
      <class name="com.sujan.tests.SeleniumSetupTest">
        <test-method signature="verifySeleniumSetup()[pri:0, instance:com.sujan.tests.SeleniumSetupTest@7bba5817]" started-at="2026-09-12T18:47:19 IST" name="verifySeleniumSetup" finished-at="2026-09-12T18:47:20 IST" duration-ms="1521" status="PASS">
          <reporter-output>
          </reporter-output>
        </test-method> <!-- verifySeleniumSetup -->
      </class> <!-- com.sujan.tests.SeleniumSetupTest -->
    </test> <!-- Default test -->
  </suite> <!-- Default suite -->
</testng-results>
